[0m23:59:41.715423 [debug] [MainThread]: Sending event: {'category': 'dbt', 'action': 'invocation', 'label': 'start', 'context': [<snowplow_tracker.self_describing_json.SelfDescribingJson object at 0x1064b6270>, <snowplow_tracker.self_describing_json.SelfDescribingJson object at 0x107d9f9d0>, <snowplow_tracker.self_describing_json.SelfDescribingJson object at 0x107d9fd90>]}


============================== 23:59:41.718282 | 156c9824-6fbf-43f2-a4c8-71de3b7bf313 ==============================
[0m23:59:41.718282 [info ] [MainThread]: Running with dbt=1.11.11
[0m23:59:41.718516 [debug] [MainThread]: running dbt with arguments {'static_parser': 'True', 'indirect_selection': 'eager', 'warn_error_options': 'WarnErrorOptionsV2(error=[], warn=[], silence=[])', 'debug': 'False', 'empty': 'None', 'log_cache_events': 'False', 'invocation_command': 'dbt init lakehouse', 'warn_error': 'None', 'use_colors': 'True', 'fail_fast': 'False', 'send_anonymous_usage_stats': 'True', 'no_print': 'None', 'write_json': 'True', 'target_path': 'None', 'printer_width': '80', 'profiles_dir': '/Users/felipe-caron/.dbt', 'introspect': 'True', 'log_path': 'logs', 'log_format': 'default', 'use_experimental_parser': 'False', 'version_check': 'True', 'cache_selected_only': 'False', 'partial_parse': 'True', 'quiet': 'False'}
[0m23:59:41.725017 [debug] [MainThread]: Starter project path: /opt/anaconda3/envs/tcc-usp-lakehouse/lib/python3.13/site-packages/dbt/include/starter_project
[0m23:59:41.728165 [info ] [MainThread]: 
Your new dbt project "lakehouse" was created!

For more information on how to configure the profiles.yml file,
please consult the dbt documentation here:

  https://docs.getdbt.com/docs/configure-your-profile

One more thing:

Need help? Don't hesitate to reach out to us via GitHub issues or on Slack:

  https://community.getdbt.com/

Happy modeling!

[0m23:59:41.728360 [info ] [MainThread]: Setting up your profile.
[0m00:00:06.231825 [debug] [MainThread]: Resource report: {"command_name": "init", "command_success": true, "command_wall_clock_time": 24.546967, "process_in_blocks": "0", "process_kernel_time": 0.10245, "process_mem_max_rss": "135577600", "process_out_blocks": "0", "process_user_time": 0.510501}
[0m00:00:06.232729 [debug] [MainThread]: Command `dbt init` succeeded at 00:00:06.232600 after 24.55 seconds
[0m00:00:06.233141 [debug] [MainThread]: Sending event: {'category': 'dbt', 'action': 'invocation', 'label': 'end', 'context': [<snowplow_tracker.self_describing_json.SelfDescribingJson object at 0x107daec40>, <snowplow_tracker.self_describing_json.SelfDescribingJson object at 0x1074283b0>, <snowplow_tracker.self_describing_json.SelfDescribingJson object at 0x107e9d150>]}
[0m00:00:06.233580 [debug] [MainThread]: Flushing usage events
[0m00:00:07.089833 [debug] [MainThread]: An error was encountered while trying to flush usage events
